<?xml version="1.0" encoding="UTF-8"?>
<testsuite xmlns:xsi="http://www.w3.org/2001/XMLSchema-instance" xsi:noNamespaceSchemaLocation="https://maven.apache.org/surefire/maven-surefire-plugin/xsd/surefire-test-report-3.0.xsd" version="3.0" name="org.runner.TestRunner" time="19.563" tests="1" errors="0" skipped="0" failures="0">
  <properties>
[...]
</properties>
  <testcase name="verifying omr page login with valid data" classname="Verifying omr page login module" time="15.164">
    <system-out><![CDATA[
Scenario Outline: verifying omr page login with valid data      &amp#27;[90m# src/test/resources/Features/Login.feature:10&amp#27;[0m
  &amp#27;[32mGiven &amp#27;[0m&amp#27;[32muser is on the omr page&amp#27;[0m                                 &amp#27;[90m# org.stepdefinition.LoginStep.user_is_on_the_omr_page()&amp#27;[0m
  &amp#27;[32mWhen &amp#27;[0m&amp#27;[32muser login &amp#27;[0m&amp#27;[32m&amp#27;[1m"ajithkumarmoorthy11@gmail.com"&amp#27;[0m&amp#27;[32m and &amp#27;[0m&amp#27;[32m&amp#27;[1m"Ajith@3"&amp#27;[0m &amp#27;[90m# org.stepdefinition.LoginStep.user_login_and(java.lang.String,java.lang.String)&amp#27;[0m
  &amp#27;[32mThen &amp#27;[0m&amp#27;[32muser should verify after login success message&amp#27;[0m           &amp#27;[90m# org.stepdefinition.LoginStep.user_should_verify_after_login_success_message()&amp#27;[0m
]]></system-out>
    <system-err><![CDATA[May 09, 2024 3:59:56 PM org.openqa.selenium.devtools.CdpVersionFinder findNearestMatch
WARNING: Unable to find an exact match for CDP version 124, returning the closest version; found: 122; Please update to a Selenium version that supports CDP version 124
]]></system-err>
  </testcase>
</testsuite>